Performing C++ SOURCE FILE Test CMAKE_HAVE_LIBC_PTHREAD failed with the following output:
Change Dir: /home/bruening/projects/LeadersOfDigital/TextHandlerInterface/build/TextHandlerInterface-Desktop_Qt_5_14_2_GCC_64bit-Release/CMakeFiles/CMakeTmp

Run Build Command(s):/apps/qt/Tools/Ninja/ninja cmTC_0d3db && [1/2] Building CXX object CMakeFiles/cmTC_0d3db.dir/src.cxx.o
[2/2] Linking CXX executable cmTC_0d3db
FAILED: cmTC_0d3db 
: && /usr/bin/g++ -DCMAKE_HAVE_LIBC_PTHREAD  CMakeFiles/cmTC_0d3db.dir/src.cxx.o -o cmTC_0d3db   && :
/usr/bin/ld: CMakeFiles/cmTC_0d3db.dir/src.cxx.o: в функции «main»:
src.cxx:(.text+0x46): неопределённая ссылка на «pthread_create»
/usr/bin/ld: src.cxx:(.text+0x52): неопределённая ссылка на «pthread_detach»
/usr/bin/ld: src.cxx:(.text+0x5e): неопределённая ссылка на «pthread_cancel»
/usr/bin/ld: src.cxx:(.text+0x6f): неопределённая ссылка на «pthread_join»
collect2: error: ld returned 1 exit status
ninja: build stopped: subcommand failed.


Source file was:
#include <pthread.h>

void* test_func(void* data)
{
  return data;
}

int main(void)
{
  pthread_t thread;
  pthread_create(&thread, NULL, test_func, NULL);
  pthread_detach(thread);
  pthread_cancel(thread);
  pthread_join(thread, NULL);
  pthread_atfork(NULL, NULL, NULL);
  pthread_exit(NULL);

  return 0;
}

